<?xml version="1.0" encoding="UTF-8"?>
<robot generator="Robot 6.0.1 (Python 3.11.0 on win32)" generated="20221124 17:00:14.572" rpa="false" schemaversion="3">
<suite id="s1" name="Login" source="C:\Users\Ramya\PycharmProjects\RobotAutomation\TestCases\Login.robot">
<test id="s1-t1" name="Login" line="29">
<kw name="Open Browser" library="SeleniumLibrary">
<arg>${file}</arg>
<arg>${browser}</arg>
<doc>Opens a new browser instance to the optional ``url``.</doc>
<msg timestamp="20221124 17:00:14.955" level="INFO">Opening browser 'Chrome' to base url 'C:UsersRamyaPycharmProjectsRobotAutomationfilesdemo (2).html'.</msg>
<status status="PASS" starttime="20221124 17:00:14.954" endtime="20221124 17:00:16.788"/>
</kw>
<status status="PASS" starttime="20221124 17:00:14.953" endtime="20221124 17:00:16.789"/>
</test>
<status status="PASS" starttime="20221124 17:00:14.575" endtime="20221124 17:00:16.791"/>
</suite>
<statistics>
<total>
<stat pass="1" fail="0" skip="0">All Tests</stat>
</total>
<tag>
</tag>
<suite>
<stat pass="1" fail="0" skip="0" id="s1" name="Login">Login</stat>
</suite>
</statistics>
<errors>
</errors>
</robot>
