<?xml version="1.0" encoding="UTF-8"?>
<robot generator="Robot 6.0.1 (Python 3.11.0 on win32)" generated="20221124 15:22:14.245" rpa="false" schemaversion="3">
<suite id="s1" name="RadioButtons" source="C:\Users\Ramya\PycharmProjects\RobotAutomation\TestCases\RadioButtons.robot">
<test id="s1-t1" name="RadioButtonHandling" line="9">
<kw name="Open Browser" library="SeleniumLibrary">
<arg>${url}</arg>
<arg>${browser}</arg>
<doc>Opens a new browser instance to the optional ``url``.</doc>
<msg timestamp="20221124 15:22:14.671" level="INFO">Opening browser 'Chrome' to base url 'https://www.techlistic.com/p/selenium-practice-form.html'.</msg>
<status status="PASS" starttime="20221124 15:22:14.670" endtime="20221124 15:22:28.518"/>
</kw>
<kw name="Maximize Browser Window" library="SeleniumLibrary">
<doc>Maximizes current browser window.</doc>
<status status="PASS" starttime="20221124 15:22:28.519" endtime="20221124 15:22:28.648"/>
</kw>
<kw name="Select Radio Button" library="SeleniumLibrary">
<arg>sex</arg>
<arg>Female</arg>
<doc>Sets the radio button group ``group_name`` to ``value``.</doc>
<msg timestamp="20221124 15:22:28.648" level="INFO">Selecting 'Female' from radio button 'sex'.</msg>
<status status="PASS" starttime="20221124 15:22:28.648" endtime="20221124 15:22:28.781"/>
</kw>
<kw name="Select Radio Button" library="SeleniumLibrary">
<arg>exp</arg>
<arg>4</arg>
<doc>Sets the radio button group ``group_name`` to ``value``.</doc>
<msg timestamp="20221124 15:22:28.782" level="INFO">Selecting '4' from radio button 'exp'.</msg>
<status status="PASS" starttime="20221124 15:22:28.781" endtime="20221124 15:22:28.910"/>
</kw>
<status status="PASS" starttime="20221124 15:22:14.669" endtime="20221124 15:22:28.911"/>
</test>
<status status="PASS" starttime="20221124 15:22:14.248" endtime="20221124 15:22:28.913"/>
</suite>
<statistics>
<total>
<stat pass="1" fail="0" skip="0">All Tests</stat>
</total>
<tag>
</tag>
<suite>
<stat pass="1" fail="0" skip="0" id="s1" name="RadioButtons">RadioButtons</stat>
</suite>
</statistics>
<errors>
</errors>
</robot>
